[ahmedbeheiry.com/works/tf/prema/demos/index-slider-parallax.html]
[backblue.gif]
[fade.gif]
[index.html]
[ahmedbeheiry.com/works/tf/prema/demos/img/favicons/apple-touch-icon.png]
[ahmedbeheiry.com/works/tf/prema/demos/img/favicons/favicon-32x32.png]
[ahmedbeheiry.com/works/tf/prema/demos/img/favicons/favicon-16x16.png]
[ahmedbeheiry.com/works/tf/prema/demos/img/favicons/manifest.json]
[ahmedbeheiry.com/works/tf/prema/demos/img/favicons/safari-pinned-tab.svg]
[ahmedbeheiry.com/works/tf/prema/demos/img/favicons/favicon.ico]
[ahmedbeheiry.com/works/tf/prema/demos/img/favicons/browserconfig.xml]
[ahmedbeheiry.com/works/tf/prema/demos/css/bootstrap.min.css]
[ahmedbeheiry.com/works/tf/prema/demos/css/font-awesome.min.css]
[ahmedbeheiry.com/works/tf/prema/demos/css/animate.css]
[ahmedbeheiry.com/works/tf/prema/demos/css/slick.css]
[ahmedbeheiry.com/works/tf/prema/demos/css/style.css]
[ahmedbeheiry.com/works/tf/prema/demos/css/colors/color-1.css]
[ahmedbeheiry.com/works/tf/prema/demos/css/colors/color-2.css]
[ahmedbeheiry.com/works/tf/prema/demos/css/colors/color-3.css]
[ahmedbeheiry.com/works/tf/prema/demos/css/colors/color-4.css]
[ahmedbeheiry.com/works/tf/prema/demos/css/colors/color-5.css]
[ahmedbeheiry.com/works/tf/prema/demos/css/colors/color-6.css]
[ahmedbeheiry.com/works/tf/prema/demos/css/colors/color-7.css]
[ahmedbeheiry.com/works/tf/prema/demos/css/colors/color-8.css]
[ahmedbeheiry.com/works/tf/prema/demos/css/colors/color-9.css]
[ahmedbeheiry.com/works/tf/prema/demos/css/colors/color-10.css]
[ahmedbeheiry.com/works/tf/prema/demos/css/colors/color-11.css]
[ahmedbeheiry.com/works/tf/prema/demos/css/colors/color-12.css]
[ahmedbeheiry.com/works/tf/prema/demos/css/colors/color-13.css]
[ahmedbeheiry.com/works/tf/prema/demos/css/colors/color-14.css]
[ahmedbeheiry.com/works/tf/prema/demos/css/colors/color-15.css]
[ahmedbeheiry.com/works/tf/prema/demos/css/colors/color-16.css]
[ahmedbeheiry.com/works/tf/prema/demos/index-static.html]
[ahmedbeheiry.com/works/tf/prema/demos/index-static-dark-map.html]
[ahmedbeheiry.com/works/tf/prema/demos/img/profile.jpg]
[ahmedbeheiry.com/works/tf/prema/demos/img/process/01.jpg]
[ahmedbeheiry.com/works/tf/prema/demos/img/process/02.jpg]
[ahmedbeheiry.com/works/tf/prema/demos/img/process/03.jpg]
[ahmedbeheiry.com/works/tf/prema/demos/img/process/04.jpg]
[ahmedbeheiry.com/works/tf/prema/demos/img/portfolio/01.jpg]
[ahmedbeheiry.com/works/tf/prema/demos/img/portfolio/02.jpg]
[ahmedbeheiry.com/works/tf/prema/demos/img/portfolio/03.jpg]
[ahmedbeheiry.com/works/tf/prema/demos/img/portfolio/04.jpg]
[ahmedbeheiry.com/works/tf/prema/demos/img/portfolio/05.jpg]
[ahmedbeheiry.com/works/tf/prema/demos/img/portfolio/06.jpg]
[ahmedbeheiry.com/works/tf/prema/demos/img/portfolio/07.jpg]
[ahmedbeheiry.com/works/tf/prema/demos/img/portfolio/08.jpg]
[ahmedbeheiry.com/works/tf/prema/demos/img/portfolio/09.jpg]
[ahmedbeheiry.com/works/tf/prema/demos/img/portfolio/10.jpg]
[ahmedbeheiry.com/works/tf/prema/demos/img/portfolio/11.jpg]
[ahmedbeheiry.com/works/tf/prema/demos/img/portfolio/12.jpg]
[ahmedbeheiry.com/works/tf/prema/demos/img/clients/client-1.jpg]
[ahmedbeheiry.com/works/tf/prema/demos/img/clients/client-2.jpg]
[ahmedbeheiry.com/works/tf/prema/demos/img/clients/client-3.jpg]
[ahmedbeheiry.com/works/tf/prema/demos/img/clients/client-4.jpg]
[ahmedbeheiry.com/works/tf/prema/demos/img/logos/1.png]
[ahmedbeheiry.com/works/tf/prema/demos/img/logos/2.png]
[ahmedbeheiry.com/works/tf/prema/demos/img/logos/3.png]
[ahmedbeheiry.com/works/tf/prema/demos/img/logos/4.png]
[ahmedbeheiry.com/works/tf/prema/demos/img/logos/5.png]
[ahmedbeheiry.com/works/tf/prema/demos/img/logos/6.png]
[ahmedbeheiry.com/works/tf/prema/demos/img/logos/7.png]
[ahmedbeheiry.com/works/tf/prema/demos/img/logos/8.png]
[ahmedbeheiry.com/works/tf/prema/demos/js/jquery-1.12.1.min.js]
[ahmedbeheiry.com/works/tf/prema/demos/js/bootstrap.min.js]
[ahmedbeheiry.com/works/tf/prema/demos/js/jquery.easing.1.3.js]
[ahmedbeheiry.com/works/tf/prema/demos/js/jquery.parallax-1.1.3.js]
[ahmedbeheiry.com/works/tf/prema/demos/js/smoothscroll.js]
[ahmedbeheiry.com/works/tf/prema/demos/js/jquery.appear.js]
[ahmedbeheiry.com/works/tf/prema/demos/js/jquery.countTo.js]
[ahmedbeheiry.com/works/tf/prema/demos/js/jquery.easypiechart.min.js]
[ahmedbeheiry.com/works/tf/prema/demos/js/jquery.mixitup.min.js]
[ahmedbeheiry.com/works/tf/prema/demos/js/slick.min.js]
[ahmedbeheiry.com/works/tf/prema/demos/js/typed.min.js]
[ahmedbeheiry.com/works/tf/prema/demos/js/validator.min.js]
[ahmedbeheiry.com/works/tf/prema/demos/js/gmaps.min.js]
[ahmedbeheiry.com/works/tf/prema/demos/js/light-map.js]
[ahmedbeheiry.com/works/tf/prema/demos/js/scripts.js]
[ahmedbeheiry.com/works/tf/prema/demos/index-slider-parallax.html]
[ahmedbeheiry.com/works/tf/prema/demos/img/favicons/safari-pinned-tab.svg]
[ahmedbeheiry.com/works/tf/prema/demos/js/wow.min.js]
[ahmedbeheiry.com/works/tf/prema/demos/fonts/glyphicons-halflings-regular.eot]
[ahmedbeheiry.com/works/tf/prema/demos/fonts/glyphicons-halflings-regulard41d.eot]
[ahmedbeheiry.com/works/tf/prema/demos/fonts/glyphicons-halflings-regular.woff2]
[ahmedbeheiry.com/works/tf/prema/demos/fonts/glyphicons-halflings-regular.woff]
[ahmedbeheiry.com/works/tf/prema/demos/fonts/glyphicons-halflings-regular.ttf]
[ahmedbeheiry.com/works/tf/prema/demos/css/bootstrap.min.css]
[ahmedbeheiry.com/works/tf/prema/demos/fonts/glyphicons-halflings-regular.svg]
[ahmedbeheiry.com/works/tf/prema/demos/fonts/fontawesome-webfont5b62.eot]
[ahmedbeheiry.com/works/tf/prema/demos/fonts/fontawesome-webfontd41d.eot]
[ahmedbeheiry.com/works/tf/prema/demos/fonts/fontawesome-webfont5b62.woff2]
[ahmedbeheiry.com/works/tf/prema/demos/fonts/fontawesome-webfont5b62.woff]
[ahmedbeheiry.com/works/tf/prema/demos/fonts/fontawesome-webfont5b62.ttf]
[ahmedbeheiry.com/works/tf/prema/demos/css/font-awesome.min.css]
[ahmedbeheiry.com/works/tf/prema/demos/css/animate.css]
[ahmedbeheiry.com/works/tf/prema/demos/css/slick.css]
[ahmedbeheiry.com/works/tf/prema/demos/fonts/fontawesome-webfont5b62.svg]
[ahmedbeheiry.com/works/tf/prema/demos/img/header.jpg]
[ahmedbeheiry.com/works/tf/prema/demos/img/bg-06.jpg]
[ahmedbeheiry.com/works/tf/prema/demos/img/bg-08.jpg]
[ahmedbeheiry.com/works/tf/prema/demos/img/bg-05.jpg]
[ahmedbeheiry.com/works/tf/prema/demos/img/bg-02.jpg]
[ahmedbeheiry.com/works/tf/prema/demos/img/bg-03.jpg]
[ahmedbeheiry.com/works/tf/prema/demos/img/bg-04.jpg]
[ahmedbeheiry.com/works/tf/prema/demos/img/bg-07.jpg]
[ahmedbeheiry.com/works/tf/prema/demos/img/bg-09.jpg]
[ahmedbeheiry.com/works/tf/prema/demos/img/bg-10.jpg]
[ahmedbeheiry.com/works/tf/prema/demos/img/section-bg-01.jpg]
[ahmedbeheiry.com/works/tf/prema/demos/img/section-bg-02.jpg]
[ahmedbeheiry.com/works/tf/prema/demos/img/skills.jpg]
[ahmedbeheiry.com/works/tf/prema/demos/img/testimonials.jpg]
[ahmedbeheiry.com/works/tf/prema/demos/img/contact.jpg]
[ahmedbeheiry.com/works/tf/prema/demos/css/style.css]
[ahmedbeheiry.com/works/tf/prema/demos/css/colors/color-1.css]
[ahmedbeheiry.com/works/tf/prema/demos/css/colors/color-2.css]
[ahmedbeheiry.com/works/tf/prema/demos/css/colors/color-3.css]
[ahmedbeheiry.com/works/tf/prema/demos/css/colors/color-4.css]
[ahmedbeheiry.com/works/tf/prema/demos/css/colors/color-5.css]
[ahmedbeheiry.com/works/tf/prema/demos/css/colors/color-6.css]
[ahmedbeheiry.com/works/tf/prema/demos/css/colors/color-7.css]
[ahmedbeheiry.com/works/tf/prema/demos/css/colors/color-8.css]
[ahmedbeheiry.com/works/tf/prema/demos/css/colors/color-9.css]
[ahmedbeheiry.com/works/tf/prema/demos/css/colors/color-10.css]
[ahmedbeheiry.com/works/tf/prema/demos/css/colors/color-11.css]
[ahmedbeheiry.com/works/tf/prema/demos/css/colors/color-12.css]
[ahmedbeheiry.com/works/tf/prema/demos/css/colors/color-13.css]
[ahmedbeheiry.com/works/tf/prema/demos/css/colors/color-14.css]
[ahmedbeheiry.com/works/tf/prema/demos/css/colors/color-15.css]
[ahmedbeheiry.com/works/tf/prema/demos/css/colors/color-16.css]
[ahmedbeheiry.com/works/tf/prema/demos/index-static.html]
[ahmedbeheiry.com/works/tf/prema/demos/js/dark-map.js]
[ahmedbeheiry.com/works/tf/prema/demos/index-static-dark-map.html]
[ahmedbeheiry.com/works/tf/prema/demos/fonts/glyphicons-halflings-regular.svg]
[ahmedbeheiry.com/works/tf/prema/demos/fonts/fontawesome-webfont5b62.svg]
